<component name="libraryTable">
  <library name="junit">
    <CLASSES>
      <root url="jar://$PROJECT_DIR$/web/WEB-INF/lib/junit-4.11.jar!/" />
      <root url="jar://$PROJECT_DIR$/web/WEB-INF/lib/hamcrest-core-1.3.jar!/" />
    </CLASSES>
    <JAVADOC />
    <SOURCES>
      <root url="jar://$PROJECT_DIR$/web/WEB-INF/lib/junit-4.11-sources.jar!/" />
    </SOURCES>
  </library>
</component>